<?xml version="1.0" encoding="UTF-8"?>
<testsuite xmlns:xsi="http://www.w3.org/2001/XMLSchema-instance" xsi:noNamespaceSchemaLocation="https://maven.apache.org/surefire/maven-failsafe-plugin/xsd/failsafe-test-report.xsd" version="3.0.2" name="es.workfactory.occupancy.CheckIT" time="19.079" tests="39" errors="0" skipped="0" failures="0">
  <properties>
[...]
</properties>
  <testcase name="theScreenIsYoursNow" classname="es.workfactory.occupancy.CheckIT" time="0.012"/>
  <testcase name="summaryAnswers200(Seen)[1]" classname="es.workfactory.occupancy.CheckIT" time="0.005"/>
  <testcase name="summaryAnswers200(Seen)[2]" classname="es.workfactory.occupancy.CheckIT" time="0.001"/>
  <testcase name="summaryAnswers200(Seen)[3]" classname="es.workfactory.occupancy.CheckIT" time="0.001"/>
  <testcase name="theBatchDoesNotStayPending(Seen)[1]" classname="es.workfactory.occupancy.CheckIT" time="0.001"/>
  <testcase name="theBatchDoesNotStayPending(Seen)[2]" classname="es.workfactory.occupancy.CheckIT" time="0.001"/>
  <testcase name="theBatchDoesNotStayPending(Seen)[3]" classname="es.workfactory.occupancy.CheckIT" time="0.0"/>
  <testcase name="theBatchSaysHowManyLinesWentThroughAndHowManyDidNot(Seen)[1]" classname="es.workfactory.occupancy.CheckIT" time="0.0"/>
  <testcase name="theBatchSaysHowManyLinesWentThroughAndHowManyDidNot(Seen)[2]" classname="es.workfactory.occupancy.CheckIT" time="0.0"/>
  <testcase name="theBatchSaysHowManyLinesWentThroughAndHowManyDidNot(Seen)[3]" classname="es.workfactory.occupancy.CheckIT" time="0.001"/>
  <testcase name="theRowInTheListSaysTheSameAsTheSummary(Seen)[1]" classname="es.workfactory.occupancy.CheckIT" time="0.002"/>
  <testcase name="theRowInTheListSaysTheSameAsTheSummary(Seen)[2]" classname="es.workfactory.occupancy.CheckIT" time="0.0"/>
  <testcase name="theRowInTheListSaysTheSameAsTheSummary(Seen)[3]" classname="es.workfactory.occupancy.CheckIT" time="0.0"/>
  <testcase name="theSummaryCarriesTheFiveFieldsTheScreenPaints(Seen)[1]" classname="es.workfactory.occupancy.CheckIT" time="0.001"/>
  <testcase name="theSummaryCarriesTheFiveFieldsTheScreenPaints(Seen)[2]" classname="es.workfactory.occupancy.CheckIT" time="0.001"/>
  <testcase name="theSummaryCarriesTheFiveFieldsTheScreenPaints(Seen)[3]" classname="es.workfactory.occupancy.CheckIT" time="0.0"/>
  <testcase name="thePoliceReportCountsEveryGuestWhateverTheirAge(Seen)[1]" classname="es.workfactory.occupancy.CheckIT" time="0.0"/>
  <testcase name="thePoliceReportCountsEveryGuestWhateverTheirAge(Seen)[2]" classname="es.workfactory.occupancy.CheckIT" time="0.001"/>
  <testcase name="thePoliceReportCountsEveryGuestWhateverTheirAge(Seen)[3]" classname="es.workfactory.occupancy.CheckIT" time="0.0"/>
  <testcase name="postingTheDeclarationIsAccepted(Seen)[1]" classname="es.workfactory.occupancy.CheckIT" time="0.0"/>
  <testcase name="postingTheDeclarationIsAccepted(Seen)[2]" classname="es.workfactory.occupancy.CheckIT" time="0.0"/>
  <testcase name="postingTheDeclarationIsAccepted(Seen)[3]" classname="es.workfactory.occupancy.CheckIT" time="0.0"/>
  <testcase name="occupancyLeavesOutTheGuestsUnder2(Seen)[1]" classname="es.workfactory.occupancy.CheckIT" time="0.0"/>
  <testcase name="occupancyLeavesOutTheGuestsUnder2(Seen)[2]" classname="es.workfactory.occupancy.CheckIT" time="0.001"/>
  <testcase name="occupancyLeavesOutTheGuestsUnder2(Seen)[3]" classname="es.workfactory.occupancy.CheckIT" time="0.0"/>
  <testcase name="theListCarriesEveryBooking" classname="es.workfactory.occupancy.CheckIT" time="0.001"/>
  <testcase name="theAuthorityAcceptsEveryGuest(Seen)[1]" classname="es.workfactory.occupancy.CheckIT" time="0.001"/>
  <testcase name="theAuthorityAcceptsEveryGuest(Seen)[2]" classname="es.workfactory.occupancy.CheckIT" time="0.0"/>
  <testcase name="theAuthorityAcceptsEveryGuest(Seen)[3]" classname="es.workfactory.occupancy.CheckIT" time="0.0"/>
  <testcase name="theAuthorityRejectsNoLine(Seen)[1]" classname="es.workfactory.occupancy.CheckIT" time="0.001"/>
  <testcase name="theAuthorityRejectsNoLine(Seen)[2]" classname="es.workfactory.occupancy.CheckIT" time="0.0"/>
  <testcase name="theAuthorityRejectsNoLine(Seen)[3]" classname="es.workfactory.occupancy.CheckIT" time="0.0"/>
  <testcase name="theScreenIsServed" classname="es.workfactory.occupancy.CheckIT" time="0.002"/>
  <testcase name="gettingTheDeclarationAnswers200(Seen)[1]" classname="es.workfactory.occupancy.CheckIT" time="0.0"/>
  <testcase name="gettingTheDeclarationAnswers200(Seen)[2]" classname="es.workfactory.occupancy.CheckIT" time="0.0"/>
  <testcase name="gettingTheDeclarationAnswers200(Seen)[3]" classname="es.workfactory.occupancy.CheckIT" time="0.001"/>
  <testcase name="theSummaryCarriesTheCapacityOfTheBooking(Seen)[1]" classname="es.workfactory.occupancy.CheckIT" time="0.0"/>
  <testcase name="theSummaryCarriesTheCapacityOfTheBooking(Seen)[2]" classname="es.workfactory.occupancy.CheckIT" time="0.0"/>
  <testcase name="theSummaryCarriesTheCapacityOfTheBooking(Seen)[3]" classname="es.workfactory.occupancy.CheckIT" time="0.0"/>
</testsuite>